<?xml version="1.0" encoding="UTF-8"?>
<!-- Generated by org.testng.reporters.JUnitXMLReporter -->
<testsuite hostname="uftuser-PC" name="Default test" tests="7" failures="0" timestamp="28 Feb 2018 04:40:58 GMT" time="0.086" errors="0">
  <testcase name="buyProductTest" time="0.026" classname="com.acttime.usertest.AmazonProduct"/>
  <testcase name="buyProductTest" time="0.005" classname="com.acttime.usertest.AmazonProduct"/>
  <testcase name="buyProductTest" time="0.002" classname="com.acttime.usertest.AmazonProduct"/>
  <testcase name="buyProductTest" time="0.001" classname="com.acttime.usertest.AmazonProduct"/>
  <testcase name="buyProductTest" time="0.001" classname="com.acttime.usertest.AmazonProduct"/>
  <testcase name="buyProductTest" time="0.0" classname="com.acttime.usertest.AmazonProduct"/>
  <testcase name="buyProductTest" time="0.001" classname="com.acttime.usertest.AmazonProduct"/>
</testsuite> <!-- Default test -->
