<?xml version="1.0" encoding="UTF-8"?>
<testng-results skipped="0" failed="0" total="7" passed="7">
  <reporter-output>
  </reporter-output>
  <suite name="Default suite" duration-ms="86" started-at="2018-02-28T04:40:57Z" finished-at="2018-02-28T04:40:57Z">
    <groups>
    </groups>
    <test name="Default test" duration-ms="86" started-at="2018-02-28T04:40:57Z" finished-at="2018-02-28T04:40:57Z">
      <class name="com.acttime.usertest.AmazonProduct">
        <test-method status="PASS" signature="buyProductTest(java.lang.String, java.lang.String)[pri:0, instance:com.acttime.usertest.AmazonProduct@6767c1fc]" name="buyProductTest" duration-ms="26" started-at="2018-02-28T10:10:57Z" data-provider="getData" finished-at="2018-02-28T10:10:57Z">
          <params>
            <param index="0">
              <value>
                <![CDATA[mobile]]>
              </value>
            </param>
            <param index="1">
              <value>
                <![CDATA[iphone-6]]>
              </value>
            </param>
          </params>
          <reporter-output>
          </reporter-output>
        </test-method> <!-- buyProductTest -->
        <test-method status="PASS" signature="buyProductTest(java.lang.String, java.lang.String)[pri:0, instance:com.acttime.usertest.AmazonProduct@6767c1fc]" name="buyProductTest" duration-ms="5" started-at="2018-02-28T10:10:57Z" data-provider="getData" finished-at="2018-02-28T10:10:57Z">
          <params>
            <param index="0">
              <value>
                <![CDATA[mobile]]>
              </value>
            </param>
            <param index="1">
              <value>
                <![CDATA[iphone-7]]>
              </value>
            </param>
          </params>
          <reporter-output>
          </reporter-output>
        </test-method> <!-- buyProductTest -->
        <test-method status="PASS" signature="buyProductTest(java.lang.String, java.lang.String)[pri:0, instance:com.acttime.usertest.AmazonProduct@6767c1fc]" name="buyProductTest" duration-ms="2" started-at="2018-02-28T10:10:57Z" data-provider="getData" finished-at="2018-02-28T10:10:57Z">
          <params>
            <param index="0">
              <value>
                <![CDATA[mobile]]>
              </value>
            </param>
            <param index="1">
              <value>
                <![CDATA[iphone-8]]>
              </value>
            </param>
          </params>
          <reporter-output>
          </reporter-output>
        </test-method> <!-- buyProductTest -->
        <test-method status="PASS" signature="buyProductTest(java.lang.String, java.lang.String)[pri:0, instance:com.acttime.usertest.AmazonProduct@6767c1fc]" name="buyProductTest" duration-ms="1" started-at="2018-02-28T10:10:57Z" data-provider="getData" finished-at="2018-02-28T10:10:57Z">
          <params>
            <param index="0">
              <value>
                <![CDATA[mobile]]>
              </value>
            </param>
            <param index="1">
              <value>
                <![CDATA[iphone-X]]>
              </value>
            </param>
          </params>
          <reporter-output>
          </reporter-output>
        </test-method> <!-- buyProductTest -->
        <test-method status="PASS" signature="buyProductTest(java.lang.String, java.lang.String)[pri:0, instance:com.acttime.usertest.AmazonProduct@6767c1fc]" name="buyProductTest" duration-ms="1" started-at="2018-02-28T10:10:57Z" data-provider="getData" finished-at="2018-02-28T10:10:57Z">
          <params>
            <param index="0">
              <value>
                <![CDATA[electronics]]>
              </value>
            </param>
            <param index="1">
              <value>
                <![CDATA[tv]]>
              </value>
            </param>
          </params>
          <reporter-output>
          </reporter-output>
        </test-method> <!-- buyProductTest -->
        <test-method status="PASS" signature="buyProductTest(java.lang.String, java.lang.String)[pri:0, instance:com.acttime.usertest.AmazonProduct@6767c1fc]" name="buyProductTest" duration-ms="0" started-at="2018-02-28T10:10:57Z" data-provider="getData" finished-at="2018-02-28T10:10:57Z">
          <params>
            <param index="0">
              <value>
                <![CDATA[electronics]]>
              </value>
            </param>
            <param index="1">
              <value>
                <![CDATA[ac]]>
              </value>
            </param>
          </params>
          <reporter-output>
          </reporter-output>
        </test-method> <!-- buyProductTest -->
        <test-method status="PASS" signature="buyProductTest(java.lang.String, java.lang.String)[pri:0, instance:com.acttime.usertest.AmazonProduct@6767c1fc]" name="buyProductTest" duration-ms="1" started-at="2018-02-28T10:10:57Z" data-provider="getData" finished-at="2018-02-28T10:10:57Z">
          <params>
            <param index="0">
              <value>
                <![CDATA[electronics]]>
              </value>
            </param>
            <param index="1">
              <value>
                <![CDATA[fan]]>
              </value>
            </param>
          </params>
          <reporter-output>
          </reporter-output>
        </test-method> <!-- buyProductTest -->
      </class> <!-- com.acttime.usertest.AmazonProduct -->
    </test> <!-- Default test -->
  </suite> <!-- Default suite -->
</testng-results>
