<?xml version="1.0" encoding="UTF-8"?>
<!-- Generated by org.testng.reporters.JUnitXMLReporter -->
<testsuite hostname="uftuser-PC" name="Test" tests="5" failures="0" timestamp="26 Feb 2018 04:34:59 GMT" time="40.949" errors="0">
  <testcase name="createCustomerTest" time="9.81" classname="com.actime.customertest.CustomerTest"/>
  <testcase name="createCustomerWithDescpTest" time="2.279" classname="com.actime.customertest.CustomerTest"/>
  <testcase name="cerateUSerTest" time="0.001" classname="com.acttime.usertest.USerTest"/>
  <testcase name="deleteUSerTest" time="0.001" classname="com.acttime.usertest.USerTest"/>
  <testcase name="modifyUSerTest" time="0.001" classname="com.acttime.usertest.USerTest"/>
</testsuite> <!-- Test -->
